TLC2 TLC Server Version 2.10 of undefined
@!@!@STARTMSG 2220:0 @!@!@
Starting SANY...
@!@!@ENDMSG 2220 @!@!@
Parsing file ../tla/debugging/fn.toolbox/Model_1/MC.tla
Parsing file ../tla/debugging/fn.toolbox/Model_1/fn.tla
Parsing file /tmp/TLC.tla
Parsing file /tmp/Naturals.tla
Parsing file /tmp/Sequences.tla
Semantic processing of module Naturals
Semantic processing of module Sequences
Semantic processing of module TLC
Semantic processing of module fn
Semantic processing of module MC
@!@!@STARTMSG 2219:0 @!@!@
SANY finished.
@!@!@ENDMSG 2219 @!@!@
@!@!@STARTMSG 2185:0 @!@!@
Starting... (2017-05-18 11:01:24)
@!@!@ENDMSG 2185 @!@!@
@!@!@STARTMSG 2189:0 @!@!@
Computing initial states...
@!@!@ENDMSG 2189 @!@!@
@!@!@STARTMSG 2190:0 @!@!@
Finished computing initial states: 1 distinct state(s) generated.
@!@!@ENDMSG 2190 @!@!@
@!@!@STARTMSG 7000:0 @!@!@
TLC server at sgd-dalcoi7-09 is ready (2017-05-18 11:01:24)
@!@!@ENDMSG 7000 @!@!@
@!@!@STARTMSG 7001:0 @!@!@
Registration for worker at rmi://sgd-dalcoi7-09:40553/1 completed (2017-05-18 11:01:27)
@!@!@ENDMSG 7001 @!@!@
@!@!@STARTMSG 7001:0 @!@!@
Registration for worker at rmi://sgd-dalcoi7-09:40553/3 completed (2017-05-18 11:01:27)
@!@!@ENDMSG 7001 @!@!@
@!@!@STARTMSG 7001:0 @!@!@
Registration for worker at rmi://sgd-dalcoi7-09:40553/2 completed (2017-05-18 11:01:27)
@!@!@ENDMSG 7001 @!@!@
@!@!@STARTMSG 7001:0 @!@!@
Registration for worker at rmi://sgd-dalcoi7-09:40553/0 completed (2017-05-18 11:01:27)
@!@!@ENDMSG 7001 @!@!@
@!@!@STARTMSG 2121:1 @!@!@
The behavior up to this point is:
@!@!@ENDMSG 2121 @!@!@
@!@!@STARTMSG 2217:4 @!@!@
1: <Initial predicate>
slots = ( 0 :> [cap |-> "Mem", owner |-> 0, location |-> 0, locked |-> TRUE] @@
  1 :> [cap |-> "Null", owner |-> NoOwner, location |-> 1, locked |-> FALSE] )

@!@!@ENDMSG 2217 @!@!@
@!@!@STARTMSG 7003:0 @!@!@
Worker: rmi://sgd-dalcoi7-09:40553/1 Sent: 1 Rcvd: 0 CacheRatio: 1.00 (2017-05-18 11:01:27)
@!@!@ENDMSG 7003 @!@!@
@!@!@STARTMSG 7003:0 @!@!@
Worker: rmi://sgd-dalcoi7-09:40553/2 Sent: 0 Rcvd: 0 CacheRatio: 1.00 (2017-05-18 11:01:27)
@!@!@ENDMSG 7003 @!@!@
@!@!@STARTMSG 7003:0 @!@!@
Worker: rmi://sgd-dalcoi7-09:40553/3 Sent: 0 Rcvd: 0 CacheRatio: 1.00 (2017-05-18 11:01:27)
@!@!@ENDMSG 7003 @!@!@
@!@!@STARTMSG 7003:0 @!@!@
Worker: rmi://sgd-dalcoi7-09:40553/0 Sent: 0 Rcvd: 0 CacheRatio: 1.00 (2017-05-18 11:01:27)
@!@!@ENDMSG 7003 @!@!@
@!@!@STARTMSG 2200:0 @!@!@
Progress(1) at 2017-05-18 11:01:27: 1 states generated (0 s/min), 1 distinct states found (0 ds/min), 0 states left on queue.
@!@!@ENDMSG 2200 @!@!@
@!@!@STARTMSG 2199:0 @!@!@
1 states generated, 1 distinct states found, 0 states left on queue.
@!@!@ENDMSG 2199 @!@!@
@!@!@STARTMSG 2186:0 @!@!@
Finished in 03s at (2017-05-18 11:01:27)
@!@!@ENDMSG 2186 @!@!@
@!@!@STARTMSG 2211:0 @!@!@
sgd-dalcoi7-09, work completed. Thank you!
@!@!@ENDMSG 2211 @!@!@
