@!@!@STARTMSG 2262:0 @!@!@
TLC2 Version 2.10 of undefined (rev: e8e37a7)
@!@!@ENDMSG 2262 @!@!@
@!@!@STARTMSG 2187:0 @!@!@
Running in Model-Checking mode with 20 workers.
@!@!@ENDMSG 2187 @!@!@
@!@!@STARTMSG 2220:0 @!@!@
Starting SANY...
@!@!@ENDMSG 2220 @!@!@
Parsing file MC.tla
Parsing file fn.tla
Parsing file /tmp/TLC.tla
Parsing file /tmp/Naturals.tla
Parsing file /tmp/Sequences.tla
Semantic processing of module Naturals
Semantic processing of module Sequences
Semantic processing of module TLC
Semantic processing of module fn
Semantic processing of module MC
@!@!@STARTMSG 2219:0 @!@!@
SANY finished.
@!@!@ENDMSG 2219 @!@!@
@!@!@STARTMSG 2185:0 @!@!@
Starting... (2017-05-18 11:02:56)
@!@!@ENDMSG 2185 @!@!@
@!@!@STARTMSG 2189:0 @!@!@
Computing initial states...
@!@!@ENDMSG 2189 @!@!@
@!@!@STARTMSG 2190:0 @!@!@
Finished computing initial states: 1 distinct state generated.
@!@!@ENDMSG 2190 @!@!@
<< "slots:",
   ( 0 :> [cap |-> "Mem", owner |-> 0, location |-> 0, locked |-> TRUE] @@
     1 :>
         [ cap |-> "Null",
           owner |-> NoOwner,
           location |-> 1,
           locked |-> FALSE ] ) >>
<< "slots'",
   ( 0 :> [cap |-> "Mem", owner |-> 0, location |-> 0, locked |-> FALSE] @@
     1 :>
         [ cap |-> "Null",
           owner |-> NoOwner,
           location |-> 1,
           locked |-> FALSE ] ) >>
<< "slots:",
   ( 0 :> [cap |-> "Mem", owner |-> 0, location |-> 0, locked |-> FALSE] @@
     1 :>
         [ cap |-> "Null",
           owner |-> NoOwner,
           location |-> 1,
           locked |-> FALSE ] ) >>
<< "slots'",
   ( 0 :> [cap |-> "Mem", owner |-> 0, location |-> 0, locked |-> FALSE] @@
     1 :>
         [ cap |-> "Null",
           owner |-> NoOwner,
           location |-> 1,
           locked |-> FALSE ] ) >>
@!@!@STARTMSG 2193:0 @!@!@
Model checking completed. No error has been found.
  Estimates of the probability that TLC did not check all reachable states
  because two distinct states had the same fingerprint:
  calculated (optimistic):  val = 1.1E-19
  based on the actual fingerprints:  val = 1.5E-19
@!@!@ENDMSG 2193 @!@!@
@!@!@STARTMSG 2201:0 @!@!@
The coverage statistics at 2017-05-18 11:02:56
@!@!@ENDMSG 2201 @!@!@
@!@!@STARTMSG 2221:0 @!@!@
  line 43, col 8 to line 49, col 35 of module fn: 2
@!@!@ENDMSG 2221 @!@!@
@!@!@STARTMSG 2202:0 @!@!@
End of statistics.
@!@!@ENDMSG 2202 @!@!@
@!@!@STARTMSG 2200:0 @!@!@
Progress(2) at 2017-05-18 11:02:56: 3 states generated (962 s/min), 2 distinct states found (641 ds/min), 0 states left on queue.
@!@!@ENDMSG 2200 @!@!@
@!@!@STARTMSG 2199:0 @!@!@
3 states generated, 2 distinct states found, 0 states left on queue.
@!@!@ENDMSG 2199 @!@!@
@!@!@STARTMSG 2194:0 @!@!@
The depth of the complete state graph search is 2.
@!@!@ENDMSG 2194 @!@!@
@!@!@STARTMSG 2186:0 @!@!@
Finished in 00s at (2017-05-18 11:02:56)
@!@!@ENDMSG 2186 @!@!@
