TLC2 TLC Server Version 2.09 of 10 March 2017
@!@!@STARTMSG 2220:0 @!@!@
Starting SANY...
@!@!@ENDMSG 2220 @!@!@
Parsing file debug/MC.tla
Parsing file debug/fn.tla
Parsing file /tmp/TLC.tla
Parsing file /tmp/Naturals.tla
Parsing file /tmp/Sequences.tla
Semantic processing of module Naturals
Semantic processing of module Sequences
Semantic processing of module TLC
Semantic processing of module fn
Semantic processing of module MC
@!@!@STARTMSG 2219:0 @!@!@
SANY finished.
@!@!@ENDMSG 2219 @!@!@
@!@!@STARTMSG 2185:0 @!@!@
Starting... (2017-05-18 10:45:27)
@!@!@ENDMSG 2185 @!@!@
@!@!@STARTMSG 2189:0 @!@!@
Computing initial states...
@!@!@ENDMSG 2189 @!@!@
@!@!@STARTMSG 2190:0 @!@!@
Finished computing initial states: 1 distinct state(s) generated.
@!@!@ENDMSG 2190 @!@!@
@!@!@STARTMSG 7000:0 @!@!@
TLC server at emmentaler2.ethz.ch is ready (2017-05-18 10:45:27)
@!@!@ENDMSG 7000 @!@!@
@!@!@STARTMSG 7001:0 @!@!@
Registration for worker at rmi://emmentaler2.ethz.ch:32792/10 completed (2017-05-18 10:45:36)
@!@!@ENDMSG 7001 @!@!@
@!@!@STARTMSG 7001:0 @!@!@
Registration for worker at rmi://emmentaler2.ethz.ch:32792/5 completed (2017-05-18 10:45:36)
@!@!@ENDMSG 7001 @!@!@
@!@!@STARTMSG 7001:0 @!@!@
Registration for worker at rmi://emmentaler2.ethz.ch:32792/0 completed (2017-05-18 10:45:36)
@!@!@ENDMSG 7001 @!@!@
@!@!@STARTMSG 7001:0 @!@!@
Registration for worker at rmi://emmentaler2.ethz.ch:32792/13 completed (2017-05-18 10:45:36)
@!@!@ENDMSG 7001 @!@!@
@!@!@STARTMSG 7001:0 @!@!@
Registration for worker at rmi://emmentaler2.ethz.ch:32792/3 completed (2017-05-18 10:45:36)
@!@!@ENDMSG 7001 @!@!@
@!@!@STARTMSG 7001:0 @!@!@
Registration for worker at rmi://emmentaler2.ethz.ch:32792/8 completed (2017-05-18 10:45:36)
@!@!@ENDMSG 7001 @!@!@
@!@!@STARTMSG 7001:0 @!@!@
Registration for worker at rmi://emmentaler2.ethz.ch:32792/15 completed (2017-05-18 10:45:36)
@!@!@ENDMSG 7001 @!@!@
@!@!@STARTMSG 7001:0 @!@!@
Registration for worker at rmi://emmentaler2.ethz.ch:32792/7 completed (2017-05-18 10:45:36)
@!@!@ENDMSG 7001 @!@!@
@!@!@STARTMSG 7001:0 @!@!@
Registration for worker at rmi://emmentaler2.ethz.ch:32792/14 completed (2017-05-18 10:45:36)
@!@!@ENDMSG 7001 @!@!@
@!@!@STARTMSG 7001:0 @!@!@
Registration for worker at rmi://emmentaler2.ethz.ch:32792/1 completed (2017-05-18 10:45:36)
@!@!@ENDMSG 7001 @!@!@
@!@!@STARTMSG 7001:0 @!@!@
Registration for worker at rmi://emmentaler2.ethz.ch:32792/6 completed (2017-05-18 10:45:36)
@!@!@ENDMSG 7001 @!@!@
@!@!@STARTMSG 7001:0 @!@!@
Registration for worker at rmi://emmentaler2.ethz.ch:32792/19 completed (2017-05-18 10:45:36)
@!@!@ENDMSG 7001 @!@!@
@!@!@STARTMSG 7001:0 @!@!@
Registration for worker at rmi://emmentaler2.ethz.ch:32792/11 completed (2017-05-18 10:45:36)
@!@!@ENDMSG 7001 @!@!@
@!@!@STARTMSG 7001:0 @!@!@
Registration for worker at rmi://emmentaler2.ethz.ch:32792/18 completed (2017-05-18 10:45:36)
@!@!@ENDMSG 7001 @!@!@
@!@!@STARTMSG 7001:0 @!@!@
Registration for worker at rmi://emmentaler2.ethz.ch:32792/17 completed (2017-05-18 10:45:36)
@!@!@ENDMSG 7001 @!@!@
@!@!@STARTMSG 7001:0 @!@!@
Registration for worker at rmi://emmentaler2.ethz.ch:32792/4 completed (2017-05-18 10:45:36)
@!@!@ENDMSG 7001 @!@!@
@!@!@STARTMSG 7001:0 @!@!@
Registration for worker at rmi://emmentaler2.ethz.ch:32792/9 completed (2017-05-18 10:45:36)
@!@!@ENDMSG 7001 @!@!@
@!@!@STARTMSG 7001:0 @!@!@
Registration for worker at rmi://emmentaler2.ethz.ch:32792/16 completed (2017-05-18 10:45:36)
@!@!@ENDMSG 7001 @!@!@
@!@!@STARTMSG 7001:0 @!@!@
Registration for worker at rmi://emmentaler2.ethz.ch:32792/2 completed (2017-05-18 10:45:36)
@!@!@ENDMSG 7001 @!@!@
@!@!@STARTMSG 7001:0 @!@!@
Registration for worker at rmi://emmentaler2.ethz.ch:32792/12 completed (2017-05-18 10:45:36)
@!@!@ENDMSG 7001 @!@!@
@!@!@STARTMSG 2121:1 @!@!@
The behavior up to this point is:
@!@!@ENDMSG 2121 @!@!@
@!@!@STARTMSG 2217:4 @!@!@
1: <Initial predicate>
slots = ( 0 :> [cap |-> "Mem", owner |-> 0, location |-> 0, locked |-> TRUE] @@
  1 :> [cap |-> "Null", owner |-> NoOwner, location |-> 1, locked |-> FALSE] )

@!@!@ENDMSG 2217 @!@!@
@!@!@STARTMSG 7003:0 @!@!@
Worker: rmi://emmentaler2.ethz.ch:32792/12 Sent: 0 Rcvd: 0 CacheRatio: 1.00 (2017-05-18 10:45:36)
@!@!@ENDMSG 7003 @!@!@
@!@!@STARTMSG 7003:0 @!@!@
Worker: rmi://emmentaler2.ethz.ch:32792/17 Sent: 0 Rcvd: 0 CacheRatio: 1.00 (2017-05-18 10:45:36)
@!@!@ENDMSG 7003 @!@!@
@!@!@STARTMSG 7003:0 @!@!@
Worker: rmi://emmentaler2.ethz.ch:32792/11 Sent: 0 Rcvd: 0 CacheRatio: 1.00 (2017-05-18 10:45:36)
@!@!@ENDMSG 7003 @!@!@
@!@!@STARTMSG 7003:0 @!@!@
Worker: rmi://emmentaler2.ethz.ch:32792/6 Sent: 0 Rcvd: 0 CacheRatio: 1.00 (2017-05-18 10:45:36)
@!@!@ENDMSG 7003 @!@!@
@!@!@STARTMSG 7003:0 @!@!@
Worker: rmi://emmentaler2.ethz.ch:32792/2 Sent: 0 Rcvd: 0 CacheRatio: 1.00 (2017-05-18 10:45:36)
@!@!@ENDMSG 7003 @!@!@
@!@!@STARTMSG 7003:0 @!@!@
Worker: rmi://emmentaler2.ethz.ch:32792/5 Sent: 0 Rcvd: 0 CacheRatio: 1.00 (2017-05-18 10:45:36)
@!@!@ENDMSG 7003 @!@!@
@!@!@STARTMSG 7003:0 @!@!@
Worker: rmi://emmentaler2.ethz.ch:32792/9 Sent: 0 Rcvd: 0 CacheRatio: 1.00 (2017-05-18 10:45:36)
@!@!@ENDMSG 7003 @!@!@
@!@!@STARTMSG 7003:0 @!@!@
Worker: rmi://emmentaler2.ethz.ch:32792/3 Sent: 0 Rcvd: 0 CacheRatio: 1.00 (2017-05-18 10:45:36)
@!@!@ENDMSG 7003 @!@!@
@!@!@STARTMSG 7003:0 @!@!@
Worker: rmi://emmentaler2.ethz.ch:32792/19 Sent: 0 Rcvd: 0 CacheRatio: 1.00 (2017-05-18 10:45:36)
@!@!@ENDMSG 7003 @!@!@
@!@!@STARTMSG 7003:0 @!@!@
Worker: rmi://emmentaler2.ethz.ch:32792/15 Sent: 0 Rcvd: 0 CacheRatio: 1.00 (2017-05-18 10:45:36)
@!@!@ENDMSG 7003 @!@!@
@!@!@STARTMSG 7003:0 @!@!@
Worker: rmi://emmentaler2.ethz.ch:32792/0 Sent: 0 Rcvd: 0 CacheRatio: 1.00 (2017-05-18 10:45:36)
@!@!@ENDMSG 7003 @!@!@
@!@!@STARTMSG 7003:0 @!@!@
Worker: rmi://emmentaler2.ethz.ch:32792/16 Sent: 0 Rcvd: 0 CacheRatio: 1.00 (2017-05-18 10:45:36)
@!@!@ENDMSG 7003 @!@!@
@!@!@STARTMSG 7003:0 @!@!@
Worker: rmi://emmentaler2.ethz.ch:32792/18 Sent: 0 Rcvd: 0 CacheRatio: 1.00 (2017-05-18 10:45:36)
@!@!@ENDMSG 7003 @!@!@
@!@!@STARTMSG 7003:0 @!@!@
Worker: rmi://emmentaler2.ethz.ch:32792/14 Sent: 0 Rcvd: 0 CacheRatio: 1.00 (2017-05-18 10:45:36)
@!@!@ENDMSG 7003 @!@!@
@!@!@STARTMSG 7003:0 @!@!@
Worker: rmi://emmentaler2.ethz.ch:32792/10 Sent: 1 Rcvd: 0 CacheRatio: 1.00 (2017-05-18 10:45:36)
@!@!@ENDMSG 7003 @!@!@
@!@!@STARTMSG 7003:0 @!@!@
Worker: rmi://emmentaler2.ethz.ch:32792/4 Sent: 0 Rcvd: 0 CacheRatio: 1.00 (2017-05-18 10:45:36)
@!@!@ENDMSG 7003 @!@!@
@!@!@STARTMSG 7003:0 @!@!@
Worker: rmi://emmentaler2.ethz.ch:32792/8 Sent: 0 Rcvd: 0 CacheRatio: 1.00 (2017-05-18 10:45:36)
@!@!@ENDMSG 7003 @!@!@
@!@!@STARTMSG 7003:0 @!@!@
Worker: rmi://emmentaler2.ethz.ch:32792/1 Sent: 0 Rcvd: 0 CacheRatio: 1.00 (2017-05-18 10:45:36)
@!@!@ENDMSG 7003 @!@!@
@!@!@STARTMSG 7003:0 @!@!@
Worker: rmi://emmentaler2.ethz.ch:32792/7 Sent: 0 Rcvd: 0 CacheRatio: 1.00 (2017-05-18 10:45:36)
@!@!@ENDMSG 7003 @!@!@
@!@!@STARTMSG 7003:0 @!@!@
Worker: rmi://emmentaler2.ethz.ch:32792/13 Sent: 0 Rcvd: 0 CacheRatio: 1.00 (2017-05-18 10:45:36)
@!@!@ENDMSG 7003 @!@!@
@!@!@STARTMSG 2200:0 @!@!@
Progress(1) at 2017-05-18 10:45:36: 1 states generated (0 s/min), 1 distinct states found (0 ds/min), 0 states left on queue.
@!@!@ENDMSG 2200 @!@!@
@!@!@STARTMSG 2199:0 @!@!@
1 states generated, 1 distinct states found, 0 states left on queue.
@!@!@ENDMSG 2199 @!@!@
@!@!@STARTMSG 2186:0 @!@!@
Finished in 08s at (2017-05-18 10:45:36)
@!@!@ENDMSG 2186 @!@!@
@!@!@STARTMSG 2211:0 @!@!@
emmentaler2.ethz.ch, work completed. Thank you!
@!@!@ENDMSG 2211 @!@!@
