TLC2 TLC Server Version 2.10 of undefined
@!@!@STARTMSG 2220:0 @!@!@
Starting SANY...
@!@!@ENDMSG 2220 @!@!@
Parsing file /local2/gerbesim/tla/debugging/fn.toolbox/Model_1/MC.tla
Parsing file /local2/gerbesim/tla/debugging/fn.toolbox/Model_1/fn.tla
Parsing file /local2/gerbesim/tools/TLAtoolbox-nightly/plugins/org.lamport.tlatools_1.0.0.201705161946/tla2sany/StandardModules/TLC.tla
Parsing file /local2/gerbesim/tools/TLAtoolbox-nightly/plugins/org.lamport.tlatools_1.0.0.201705161946/tla2sany/StandardModules/Naturals.tla
Parsing file /local2/gerbesim/tools/TLAtoolbox-nightly/plugins/org.lamport.tlatools_1.0.0.201705161946/tla2sany/StandardModules/Sequences.tla
Semantic processing of module Naturals
Semantic processing of module Sequences
Semantic processing of module TLC
Semantic processing of module fn
Semantic processing of module MC
@!@!@STARTMSG 2219:0 @!@!@
SANY finished.
@!@!@ENDMSG 2219 @!@!@
@!@!@STARTMSG 2185:0 @!@!@
Starting... (2017-05-18 11:04:27)
@!@!@ENDMSG 2185 @!@!@
@!@!@STARTMSG 2189:0 @!@!@
Computing initial states...
@!@!@ENDMSG 2189 @!@!@
@!@!@STARTMSG 2190:0 @!@!@
Finished computing initial states: 1 distinct state(s) generated.
@!@!@ENDMSG 2190 @!@!@
@!@!@STARTMSG 7000:0 @!@!@
TLC server at sgd-dalcoi7-09 is ready (2017-05-18 11:04:27)
@!@!@ENDMSG 7000 @!@!@
@!@!@STARTMSG 7001:0 @!@!@
Registration for worker at rmi://sgd-dalcoi7-09:43339/2 completed (2017-05-18 11:04:36)
@!@!@ENDMSG 7001 @!@!@
@!@!@STARTMSG 7001:0 @!@!@
Registration for worker at rmi://sgd-dalcoi7-09:43339/0 completed (2017-05-18 11:04:36)
@!@!@ENDMSG 7001 @!@!@
@!@!@STARTMSG 7001:0 @!@!@
Registration for worker at rmi://sgd-dalcoi7-09:43339/1 completed (2017-05-18 11:04:36)
@!@!@ENDMSG 7001 @!@!@
@!@!@STARTMSG 7001:0 @!@!@
Registration for worker at rmi://sgd-dalcoi7-09:43339/3 completed (2017-05-18 11:04:36)
@!@!@ENDMSG 7001 @!@!@
@!@!@STARTMSG 7003:0 @!@!@
Worker: rmi://sgd-dalcoi7-09:43339/2 Sent: 2 Rcvd: 1 CacheRatio: 1.00 (2017-05-18 11:04:36)
@!@!@ENDMSG 7003 @!@!@
@!@!@STARTMSG 7003:0 @!@!@
Worker: rmi://sgd-dalcoi7-09:43339/0 Sent: 0 Rcvd: 0 CacheRatio: 1.00 (2017-05-18 11:04:36)
@!@!@ENDMSG 7003 @!@!@
@!@!@STARTMSG 7003:0 @!@!@
Worker: rmi://sgd-dalcoi7-09:43339/1 Sent: 0 Rcvd: 0 CacheRatio: 1.00 (2017-05-18 11:04:36)
@!@!@ENDMSG 7003 @!@!@
@!@!@STARTMSG 7003:0 @!@!@
Worker: rmi://sgd-dalcoi7-09:43339/3 Sent: 0 Rcvd: 0 CacheRatio: 1.00 (2017-05-18 11:04:36)
@!@!@ENDMSG 7003 @!@!@
@!@!@STARTMSG 2193:0 @!@!@
Model checking completed. No error has been found.
  Estimates of the probability that TLC did not check all reachable states
  because two distinct states had the same fingerprint:
  calculated (optimistic):  val = 0.0
  based on the actual fingerprints:  val = 1.5E-19
@!@!@ENDMSG 2193 @!@!@
@!@!@STARTMSG 2200:0 @!@!@
Progress(2) at 2017-05-18 11:04:36: 2 states generated (0 s/min), 2 distinct states found (0 ds/min), 0 states left on queue.
@!@!@ENDMSG 2200 @!@!@
@!@!@STARTMSG 2199:0 @!@!@
2 states generated, 2 distinct states found, 0 states left on queue.
@!@!@ENDMSG 2199 @!@!@
@!@!@STARTMSG 2194:0 @!@!@
The depth of the complete state graph search is 2.
@!@!@ENDMSG 2194 @!@!@
@!@!@STARTMSG 2186:0 @!@!@
Finished in 08s at (2017-05-18 11:04:36)
@!@!@ENDMSG 2186 @!@!@
@!@!@STARTMSG 2211:0 @!@!@
sgd-dalcoi7-09, work completed. Thank you!
@!@!@ENDMSG 2211 @!@!@
